<?xml version="1.0" encoding="UTF-8"?>
<testsuite name="AllergiesTest" tests="4" skipped="0" failures="0" errors="0" timestamp="2016-04-21T21:48:38" hostname="epicodus-59.local" time="0.003">
  <properties/>
  <testcase name="isAllergies_forCatAllergies_outputString" classname="AllergiesTest" time="0.002"/>
  <testcase name="isAllergies_forMultipleAllergies_outputString" classname="AllergiesTest" time="0.0"/>
  <testcase name="isAllergies_forPollenAllergies_outputString" classname="AllergiesTest" time="0.0"/>
  <testcase name="isAllergies_forShellfishAllergies_outputString" classname="AllergiesTest" time="0.001"/>
  <system-out><![CDATA[]]></system-out>
  <system-err><![CDATA[]]></system-err>
</testsuite>
